2025-11-26 13:39:36,898 INFO o.a.j.u.JMeterUtils: Setting Locale to en_EN
2025-11-26 13:39:36,916 INFO o.a.j.JMeter: Loading user properties from: C:\Users\Beatriz S Correa\Desktop\apache-jmeter-5.6.3\bin\user.properties
2025-11-26 13:39:36,917 INFO o.a.j.JMeter: Loading system properties from: C:\Users\Beatriz S Correa\Desktop\apache-jmeter-5.6.3\bin\system.properties
2025-11-26 13:39:36,925 INFO o.a.j.JMeter: Copyright (c) 1998-2024 The Apache Software Foundation
2025-11-26 13:39:36,926 INFO o.a.j.JMeter: Version 5.6.3
2025-11-26 13:39:36,926 INFO o.a.j.JMeter: java.version=25.0.1
2025-11-26 13:39:36,926 INFO o.a.j.JMeter: java.vm.name=Java HotSpot(TM) 64-Bit Server VM
2025-11-26 13:39:36,926 INFO o.a.j.JMeter: os.name=Windows 11
2025-11-26 13:39:36,926 INFO o.a.j.JMeter: os.arch=amd64
2025-11-26 13:39:36,926 INFO o.a.j.JMeter: os.version=10.0
2025-11-26 13:39:36,927 INFO o.a.j.JMeter: file.encoding=UTF-8
2025-11-26 13:39:36,927 INFO o.a.j.JMeter: java.awt.headless=true
2025-11-26 13:39:36,927 INFO o.a.j.JMeter: Max memory     =1073741824
2025-11-26 13:39:36,927 INFO o.a.j.JMeter: Available Processors =8
2025-11-26 13:39:36,942 INFO o.a.j.JMeter: Default Locale=English (EN)
2025-11-26 13:39:36,942 INFO o.a.j.JMeter: JMeter  Locale=English (EN)
2025-11-26 13:39:36,942 INFO o.a.j.JMeter: JMeterHome=C:\Users\Beatriz S Correa\Desktop\apache-jmeter-5.6.3
2025-11-26 13:39:36,942 INFO o.a.j.JMeter: user.dir  =C:\Users\Beatriz S Correa\Documents\Pós-graduação em Automação de Testes de Software  2025\automacao-de-teste-performance\ppp-turma2
2025-11-26 13:39:36,943 INFO o.a.j.JMeter: PWD       =C:\Users\Beatriz S Correa\Documents\Pós-graduação em Automação de Testes de Software  2025\automacao-de-teste-performance\ppp-turma2
2025-11-26 13:39:36,949 INFO o.a.j.JMeter: IP: 192.168.15.7 Name: DESKTOP-9FD7EHF FullName: 192.168.15.7
2025-11-26 13:39:36,961 INFO o.a.j.s.FileServer: Default base='C:\Users\Beatriz S Correa\Documents\Pós-graduação em Automação de Testes de Software  2025\automacao-de-teste-performance\ppp-turma2'
2025-11-26 13:39:36,962 INFO o.a.j.s.FileServer: Set new base='C:\Users\Beatriz S Correa\Documents\Pós-graduação em Automação de Testes de Software  2025\automacao-de-teste-performance\ppp-turma2\tests\jmeter'
2025-11-26 13:39:37,220 INFO o.a.j.s.SaveService: Testplan (JMX) version: 2.2. Testlog (JTL) version: 2.2
2025-11-26 13:39:37,237 INFO o.a.j.s.SaveService: Using SaveService properties version 5.0
2025-11-26 13:39:37,240 INFO o.a.j.s.SaveService: Using SaveService properties file encoding UTF-8
2025-11-26 13:39:37,243 INFO o.a.j.s.SaveService: Loading file: tests\jmeter\Teste de Performance de Fluxo de Instrutores.jmx
2025-11-26 13:39:37,290 INFO o.a.j.p.h.s.HTTPSamplerBase: Parser for text/html is org.apache.jmeter.protocol.http.parser.LagartoBasedHtmlParser
2025-11-26 13:39:37,290 INFO o.a.j.p.h.s.HTTPSamplerBase: Parser for application/xhtml+xml is org.apache.jmeter.protocol.http.parser.LagartoBasedHtmlParser
2025-11-26 13:39:37,290 INFO o.a.j.p.h.s.HTTPSamplerBase: Parser for application/xml is org.apache.jmeter.protocol.http.parser.LagartoBasedHtmlParser
2025-11-26 13:39:37,290 INFO o.a.j.p.h.s.HTTPSamplerBase: Parser for text/xml is org.apache.jmeter.protocol.http.parser.LagartoBasedHtmlParser
2025-11-26 13:39:37,290 INFO o.a.j.p.h.s.HTTPSamplerBase: Parser for text/vnd.wap.wml is org.apache.jmeter.protocol.http.parser.RegexpHTMLParser
2025-11-26 13:39:37,290 INFO o.a.j.p.h.s.HTTPSamplerBase: Parser for text/css is org.apache.jmeter.protocol.http.parser.CssParser
2025-11-26 13:39:37,346 INFO o.a.j.JMeter: Creating summariser <summary>
2025-11-26 13:39:37,362 INFO o.a.j.e.StandardJMeterEngine: Running the test!
2025-11-26 13:39:37,363 INFO o.a.j.s.SampleEvent: List of sample_variables: []
2025-11-26 13:39:37,363 INFO o.a.j.s.SampleEvent: List of sample_variables: []
2025-11-26 13:39:37,368 INFO o.a.j.e.u.CompoundVariable: Note: Function class names must contain the string: '.functions.'
2025-11-26 13:39:37,369 INFO o.a.j.e.u.CompoundVariable: Note: Function class names must not contain the string: '.gui.'
2025-11-26 13:39:37,428 INFO o.a.j.r.ClassFinder: Will scan jar C:\Users\Beatriz S Correa\Desktop\apache-jmeter-5.6.3\lib\ext\jmeter-plugins-cmn-jmeter-0.7.jar with filter ExtendsClassFilter [parents=[interface org.apache.jmeter.functions.Function], inner=false, contains=null, notContains=null]. Consider exposing JMeter plugins via META-INF/services, and add JMeter-Skip-Class-Scanning=true manifest attribute so JMeter can skip classfile scanning
2025-11-26 13:39:37,446 INFO o.a.j.r.ClassFinder: Will scan jar C:\Users\Beatriz S Correa\Desktop\apache-jmeter-5.6.3\lib\ext\jmeter-plugins-graphs-basic-2.0.jar with filter ExtendsClassFilter [parents=[interface org.apache.jmeter.functions.Function], inner=false, contains=null, notContains=null]. Consider exposing JMeter plugins via META-INF/services, and add JMeter-Skip-Class-Scanning=true manifest attribute so JMeter can skip classfile scanning
2025-11-26 13:39:37,448 INFO o.a.j.r.ClassFinder: Will scan jar C:\Users\Beatriz S Correa\Desktop\apache-jmeter-5.6.3\lib\ext\jmeter-plugins-graphs-composite-2.0.jar with filter ExtendsClassFilter [parents=[interface org.apache.jmeter.functions.Function], inner=false, contains=null, notContains=null]. Consider exposing JMeter plugins via META-INF/services, and add JMeter-Skip-Class-Scanning=true manifest attribute so JMeter can skip classfile scanning
2025-11-26 13:39:37,450 INFO o.a.j.r.ClassFinder: Will scan jar C:\Users\Beatriz S Correa\Desktop\apache-jmeter-5.6.3\lib\ext\cmdrunner-2.3.jar with filter ExtendsClassFilter [parents=[interface org.apache.jmeter.functions.Function], inner=false, contains=null, notContains=null]. Consider exposing JMeter plugins via META-INF/services, and add JMeter-Skip-Class-Scanning=true manifest attribute so JMeter can skip classfile scanning
2025-11-26 13:39:37,452 INFO o.a.j.r.ClassFinder: Will scan jar C:\Users\Beatriz S Correa\Desktop\apache-jmeter-5.6.3\lib\ext\jmeter-plugins-manager-1.11.jar with filter ExtendsClassFilter [parents=[interface org.apache.jmeter.functions.Function], inner=false, contains=null, notContains=null]. Consider exposing JMeter plugins via META-INF/services, and add JMeter-Skip-Class-Scanning=true manifest attribute so JMeter can skip classfile scanning
2025-11-26 13:39:37,551 INFO o.a.j.r.ClassFinder: Will scan jar C:\Users\Beatriz S Correa\Desktop\apache-jmeter-5.6.3\lib\ext\json-lib-2.4-jdk15.jar with filter ExtendsClassFilter [parents=[interface org.apache.jmeter.functions.Function], inner=false, contains=null, notContains=null]. Consider exposing JMeter plugins via META-INF/services, and add JMeter-Skip-Class-Scanning=true manifest attribute so JMeter can skip classfile scanning
2025-11-26 13:39:37,558 INFO o.a.j.JMeter: Running test (1764175177558)
2025-11-26 13:39:37,579 INFO o.a.j.e.StandardJMeterEngine: Starting ThreadGroup: 1 : Registrando usuários como estudantes
2025-11-26 13:39:37,579 INFO o.a.j.e.StandardJMeterEngine: Starting 50 threads for group Registrando usuários como estudantes.
2025-11-26 13:39:37,579 INFO o.a.j.e.StandardJMeterEngine: Thread will continue on error
2025-11-26 13:39:37,580 INFO o.a.j.t.ThreadGroup: Starting thread group... number=1 threads=50 ramp-up=1 delayedStart=false
2025-11-26 13:39:37,613 INFO o.a.j.t.ThreadGroup: Started thread group number 1
2025-11-26 13:39:37,614 INFO o.a.j.e.StandardJMeterEngine: All thread groups have been started
2025-11-26 13:39:37,677 INFO o.a.j.t.JMeterThread: Thread started: Registrando usuários como estudantes 1-1
2025-11-26 13:39:37,679 INFO o.a.j.s.FileServer: Stored: C:/Users/Beatriz S Correa/Downloads/MOCK_DATA.csv
2025-11-26 13:39:37,695 INFO o.a.j.t.JMeterThread: Thread started: Registrando usuários como estudantes 1-2
2025-11-26 13:39:37,708 INFO o.a.j.p.h.s.HTTPHCAbstractImpl: Local host = DESKTOP-9FD7EHF
2025-11-26 13:39:37,713 INFO o.a.j.p.h.s.HTTPHC4Impl: HTTP request retry count = 0
2025-11-26 13:39:37,714 INFO o.a.j.t.JMeterThread: Thread started: Registrando usuários como estudantes 1-3
2025-11-26 13:39:37,715 INFO o.a.j.s.SampleResult: Note: Sample TimeStamps are START times
2025-11-26 13:39:37,715 INFO o.a.j.s.SampleResult: sampleresult.default.encoding is set to UTF-8
2025-11-26 13:39:37,715 INFO o.a.j.s.SampleResult: sampleresult.useNanoTime=true
2025-11-26 13:39:37,715 INFO o.a.j.s.SampleResult: sampleresult.nanoThreadSleep=5000
2025-11-26 13:39:37,734 INFO o.a.j.t.JMeterThread: Thread started: Registrando usuários como estudantes 1-4
2025-11-26 13:39:37,754 INFO o.a.j.t.JMeterThread: Thread started: Registrando usuários como estudantes 1-5
2025-11-26 13:39:37,773 INFO o.a.j.t.JMeterThread: Thread started: Registrando usuários como estudantes 1-6
2025-11-26 13:39:37,792 INFO o.a.j.t.JMeterThread: Thread started: Registrando usuários como estudantes 1-7
2025-11-26 13:39:37,812 INFO o.a.j.t.JMeterThread: Thread started: Registrando usuários como estudantes 1-8
2025-11-26 13:39:37,831 INFO o.a.j.t.JMeterThread: Thread started: Registrando usuários como estudantes 1-9
2025-11-26 13:39:37,851 INFO o.a.j.t.JMeterThread: Thread is done: Registrando usuários como estudantes 1-3
2025-11-26 13:39:37,851 INFO o.a.j.t.JMeterThread: Thread is done: Registrando usuários como estudantes 1-2
2025-11-26 13:39:37,851 INFO o.a.j.t.JMeterThread: Thread is done: Registrando usuários como estudantes 1-6
2025-11-26 13:39:37,851 INFO o.a.j.t.JMeterThread: Thread started: Registrando usuários como estudantes 1-10
2025-11-26 13:39:37,851 INFO o.a.j.t.JMeterThread: Thread finished: Registrando usuários como estudantes 1-3
2025-11-26 13:39:37,851 INFO o.a.j.t.JMeterThread: Thread is done: Registrando usuários como estudantes 1-1
2025-11-26 13:39:37,851 INFO o.a.j.t.JMeterThread: Thread finished: Registrando usuários como estudantes 1-6
2025-11-26 13:39:37,851 INFO o.a.j.t.JMeterThread: Thread finished: Registrando usuários como estudantes 1-1
2025-11-26 13:39:37,851 INFO o.a.j.t.JMeterThread: Thread finished: Registrando usuários como estudantes 1-2
2025-11-26 13:39:37,853 INFO o.a.j.t.JMeterThread: Thread is done: Registrando usuários como estudantes 1-4
2025-11-26 13:39:37,853 INFO o.a.j.t.JMeterThread: Thread finished: Registrando usuários como estudantes 1-4
2025-11-26 13:39:37,854 INFO o.a.j.t.JMeterThread: Thread is done: Registrando usuários como estudantes 1-7
2025-11-26 13:39:37,854 INFO o.a.j.t.JMeterThread: Thread finished: Registrando usuários como estudantes 1-7
2025-11-26 13:39:37,856 INFO o.a.j.t.JMeterThread: Thread is done: Registrando usuários como estudantes 1-5
2025-11-26 13:39:37,856 INFO o.a.j.t.JMeterThread: Thread finished: Registrando usuários como estudantes 1-5
2025-11-26 13:39:37,857 INFO o.a.j.t.JMeterThread: Thread is done: Registrando usuários como estudantes 1-8
2025-11-26 13:39:37,857 INFO o.a.j.t.JMeterThread: Thread finished: Registrando usuários como estudantes 1-8
2025-11-26 13:39:37,859 INFO o.a.j.t.JMeterThread: Thread is done: Registrando usuários como estudantes 1-9
2025-11-26 13:39:37,859 INFO o.a.j.t.JMeterThread: Thread finished: Registrando usuários como estudantes 1-9
2025-11-26 13:39:37,863 INFO o.a.j.t.JMeterThread: Thread is done: Registrando usuários como estudantes 1-10
2025-11-26 13:39:37,863 INFO o.a.j.t.JMeterThread: Thread finished: Registrando usuários como estudantes 1-10
2025-11-26 13:39:37,872 INFO o.a.j.t.JMeterThread: Thread started: Registrando usuários como estudantes 1-11
2025-11-26 13:39:37,883 INFO o.a.j.t.JMeterThread: Thread is done: Registrando usuários como estudantes 1-11
2025-11-26 13:39:37,883 INFO o.a.j.t.JMeterThread: Thread finished: Registrando usuários como estudantes 1-11
2025-11-26 13:39:37,891 INFO o.a.j.t.JMeterThread: Thread started: Registrando usuários como estudantes 1-12
2025-11-26 13:39:37,902 INFO o.a.j.t.JMeterThread: Thread is done: Registrando usuários como estudantes 1-12
2025-11-26 13:39:37,902 INFO o.a.j.t.JMeterThread: Thread finished: Registrando usuários como estudantes 1-12
2025-11-26 13:39:37,909 INFO o.a.j.t.JMeterThread: Thread started: Registrando usuários como estudantes 1-13
2025-11-26 13:39:37,920 INFO o.a.j.t.JMeterThread: Thread is done: Registrando usuários como estudantes 1-13
2025-11-26 13:39:37,921 INFO o.a.j.t.JMeterThread: Thread finished: Registrando usuários como estudantes 1-13
2025-11-26 13:39:37,930 INFO o.a.j.t.JMeterThread: Thread started: Registrando usuários como estudantes 1-14
2025-11-26 13:39:37,941 INFO o.a.j.t.JMeterThread: Thread is done: Registrando usuários como estudantes 1-14
2025-11-26 13:39:37,942 INFO o.a.j.t.JMeterThread: Thread finished: Registrando usuários como estudantes 1-14
2025-11-26 13:39:37,950 INFO o.a.j.t.JMeterThread: Thread started: Registrando usuários como estudantes 1-15
2025-11-26 13:39:37,962 INFO o.a.j.t.JMeterThread: Thread is done: Registrando usuários como estudantes 1-15
2025-11-26 13:39:37,963 INFO o.a.j.t.JMeterThread: Thread finished: Registrando usuários como estudantes 1-15
2025-11-26 13:39:37,969 INFO o.a.j.t.JMeterThread: Thread started: Registrando usuários como estudantes 1-16
2025-11-26 13:39:37,977 INFO o.a.j.t.JMeterThread: Thread is done: Registrando usuários como estudantes 1-16
2025-11-26 13:39:37,977 INFO o.a.j.t.JMeterThread: Thread finished: Registrando usuários como estudantes 1-16
2025-11-26 13:39:37,990 INFO o.a.j.t.JMeterThread: Thread started: Registrando usuários como estudantes 1-17
2025-11-26 13:39:37,994 INFO o.a.j.t.JMeterThread: Thread is done: Registrando usuários como estudantes 1-17
2025-11-26 13:39:37,994 INFO o.a.j.t.JMeterThread: Thread finished: Registrando usuários como estudantes 1-17
2025-11-26 13:39:38,007 INFO o.a.j.t.JMeterThread: Thread started: Registrando usuários como estudantes 1-18
2025-11-26 13:39:38,011 INFO o.a.j.t.JMeterThread: Thread is done: Registrando usuários como estudantes 1-18
2025-11-26 13:39:38,011 INFO o.a.j.t.JMeterThread: Thread finished: Registrando usuários como estudantes 1-18
2025-11-26 13:39:38,027 INFO o.a.j.t.JMeterThread: Thread started: Registrando usuários como estudantes 1-19
2025-11-26 13:39:38,030 INFO o.a.j.t.JMeterThread: Thread is done: Registrando usuários como estudantes 1-19
2025-11-26 13:39:38,031 INFO o.a.j.t.JMeterThread: Thread finished: Registrando usuários como estudantes 1-19
2025-11-26 13:39:38,047 INFO o.a.j.t.JMeterThread: Thread started: Registrando usuários como estudantes 1-20
2025-11-26 13:39:38,050 INFO o.a.j.t.JMeterThread: Thread is done: Registrando usuários como estudantes 1-20
2025-11-26 13:39:38,050 INFO o.a.j.t.JMeterThread: Thread finished: Registrando usuários como estudantes 1-20
2025-11-26 13:39:38,067 INFO o.a.j.t.JMeterThread: Thread started: Registrando usuários como estudantes 1-21
2025-11-26 13:39:38,075 INFO o.a.j.t.JMeterThread: Thread is done: Registrando usuários como estudantes 1-21
2025-11-26 13:39:38,075 INFO o.a.j.t.JMeterThread: Thread finished: Registrando usuários como estudantes 1-21
2025-11-26 13:39:38,087 INFO o.a.j.t.JMeterThread: Thread started: Registrando usuários como estudantes 1-22
2025-11-26 13:39:38,096 INFO o.a.j.t.JMeterThread: Thread is done: Registrando usuários como estudantes 1-22
2025-11-26 13:39:38,096 INFO o.a.j.t.JMeterThread: Thread finished: Registrando usuários como estudantes 1-22
2025-11-26 13:39:38,105 INFO o.a.j.t.JMeterThread: Thread started: Registrando usuários como estudantes 1-23
2025-11-26 13:39:38,116 INFO o.a.j.t.JMeterThread: Thread is done: Registrando usuários como estudantes 1-23
2025-11-26 13:39:38,116 INFO o.a.j.t.JMeterThread: Thread finished: Registrando usuários como estudantes 1-23
2025-11-26 13:39:38,127 INFO o.a.j.t.JMeterThread: Thread started: Registrando usuários como estudantes 1-24
2025-11-26 13:39:38,139 INFO o.a.j.t.JMeterThread: Thread is done: Registrando usuários como estudantes 1-24
2025-11-26 13:39:38,140 INFO o.a.j.t.JMeterThread: Thread finished: Registrando usuários como estudantes 1-24
2025-11-26 13:39:38,144 INFO o.a.j.t.JMeterThread: Thread started: Registrando usuários como estudantes 1-25
2025-11-26 13:39:38,154 INFO o.a.j.t.JMeterThread: Thread is done: Registrando usuários como estudantes 1-25
2025-11-26 13:39:38,154 INFO o.a.j.t.JMeterThread: Thread finished: Registrando usuários como estudantes 1-25
2025-11-26 13:39:38,166 INFO o.a.j.t.JMeterThread: Thread started: Registrando usuários como estudantes 1-26
2025-11-26 13:39:38,176 INFO o.a.j.t.JMeterThread: Thread is done: Registrando usuários como estudantes 1-26
2025-11-26 13:39:38,177 INFO o.a.j.t.JMeterThread: Thread finished: Registrando usuários como estudantes 1-26
2025-11-26 13:39:38,185 INFO o.a.j.t.JMeterThread: Thread started: Registrando usuários como estudantes 1-27
2025-11-26 13:39:38,195 INFO o.a.j.t.JMeterThread: Thread is done: Registrando usuários como estudantes 1-27
2025-11-26 13:39:38,196 INFO o.a.j.t.JMeterThread: Thread finished: Registrando usuários como estudantes 1-27
2025-11-26 13:39:38,203 INFO o.a.j.t.JMeterThread: Thread started: Registrando usuários como estudantes 1-28
2025-11-26 13:39:38,214 INFO o.a.j.t.JMeterThread: Thread is done: Registrando usuários como estudantes 1-28
2025-11-26 13:39:38,214 INFO o.a.j.t.JMeterThread: Thread finished: Registrando usuários como estudantes 1-28
2025-11-26 13:39:38,224 INFO o.a.j.t.JMeterThread: Thread started: Registrando usuários como estudantes 1-29
2025-11-26 13:39:38,235 INFO o.a.j.t.JMeterThread: Thread is done: Registrando usuários como estudantes 1-29
2025-11-26 13:39:38,235 INFO o.a.j.t.JMeterThread: Thread finished: Registrando usuários como estudantes 1-29
2025-11-26 13:39:38,241 INFO o.a.j.t.JMeterThread: Thread started: Registrando usuários como estudantes 1-30
2025-11-26 13:39:38,252 INFO o.a.j.t.JMeterThread: Thread is done: Registrando usuários como estudantes 1-30
2025-11-26 13:39:38,252 INFO o.a.j.t.JMeterThread: Thread finished: Registrando usuários como estudantes 1-30
2025-11-26 13:39:38,262 INFO o.a.j.t.JMeterThread: Thread started: Registrando usuários como estudantes 1-31
2025-11-26 13:39:38,272 INFO o.a.j.t.JMeterThread: Thread is done: Registrando usuários como estudantes 1-31
2025-11-26 13:39:38,272 INFO o.a.j.t.JMeterThread: Thread finished: Registrando usuários como estudantes 1-31
2025-11-26 13:39:38,282 INFO o.a.j.t.JMeterThread: Thread started: Registrando usuários como estudantes 1-32
2025-11-26 13:39:38,292 INFO o.a.j.t.JMeterThread: Thread is done: Registrando usuários como estudantes 1-32
2025-11-26 13:39:38,293 INFO o.a.j.t.JMeterThread: Thread finished: Registrando usuários como estudantes 1-32
2025-11-26 13:39:38,301 INFO o.a.j.t.JMeterThread: Thread started: Registrando usuários como estudantes 1-33
2025-11-26 13:39:38,311 INFO o.a.j.t.JMeterThread: Thread is done: Registrando usuários como estudantes 1-33
2025-11-26 13:39:38,312 INFO o.a.j.t.JMeterThread: Thread finished: Registrando usuários como estudantes 1-33
2025-11-26 13:39:38,320 INFO o.a.j.t.JMeterThread: Thread started: Registrando usuários como estudantes 1-34
2025-11-26 13:39:38,330 INFO o.a.j.t.JMeterThread: Thread is done: Registrando usuários como estudantes 1-34
2025-11-26 13:39:38,331 INFO o.a.j.t.JMeterThread: Thread finished: Registrando usuários como estudantes 1-34
2025-11-26 13:39:38,341 INFO o.a.j.t.JMeterThread: Thread started: Registrando usuários como estudantes 1-35
2025-11-26 13:39:38,347 INFO o.a.j.t.JMeterThread: Thread is done: Registrando usuários como estudantes 1-35
2025-11-26 13:39:38,348 INFO o.a.j.t.JMeterThread: Thread finished: Registrando usuários como estudantes 1-35
2025-11-26 13:39:38,360 INFO o.a.j.t.JMeterThread: Thread started: Registrando usuários como estudantes 1-36
2025-11-26 13:39:38,367 INFO o.a.j.t.JMeterThread: Thread is done: Registrando usuários como estudantes 1-36
2025-11-26 13:39:38,367 INFO o.a.j.t.JMeterThread: Thread finished: Registrando usuários como estudantes 1-36
2025-11-26 13:39:38,379 INFO o.a.j.t.JMeterThread: Thread started: Registrando usuários como estudantes 1-37
2025-11-26 13:39:38,387 INFO o.a.j.t.JMeterThread: Thread is done: Registrando usuários como estudantes 1-37
2025-11-26 13:39:38,387 INFO o.a.j.t.JMeterThread: Thread finished: Registrando usuários como estudantes 1-37
2025-11-26 13:39:38,399 INFO o.a.j.t.JMeterThread: Thread started: Registrando usuários como estudantes 1-38
2025-11-26 13:39:38,406 INFO o.a.j.t.JMeterThread: Thread is done: Registrando usuários como estudantes 1-38
2025-11-26 13:39:38,406 INFO o.a.j.t.JMeterThread: Thread finished: Registrando usuários como estudantes 1-38
2025-11-26 13:39:38,418 INFO o.a.j.t.JMeterThread: Thread started: Registrando usuários como estudantes 1-39
2025-11-26 13:39:38,424 INFO o.a.j.t.JMeterThread: Thread is done: Registrando usuários como estudantes 1-39
2025-11-26 13:39:38,425 INFO o.a.j.t.JMeterThread: Thread finished: Registrando usuários como estudantes 1-39
2025-11-26 13:39:38,438 INFO o.a.j.t.JMeterThread: Thread started: Registrando usuários como estudantes 1-40
2025-11-26 13:39:38,450 INFO o.a.j.t.JMeterThread: Thread is done: Registrando usuários como estudantes 1-40
2025-11-26 13:39:38,450 INFO o.a.j.t.JMeterThread: Thread finished: Registrando usuários como estudantes 1-40
2025-11-26 13:39:38,459 INFO o.a.j.t.JMeterThread: Thread started: Registrando usuários como estudantes 1-41
2025-11-26 13:39:38,464 INFO o.a.j.t.JMeterThread: Thread is done: Registrando usuários como estudantes 1-41
2025-11-26 13:39:38,464 INFO o.a.j.t.JMeterThread: Thread finished: Registrando usuários como estudantes 1-41
2025-11-26 13:39:38,477 INFO o.a.j.t.JMeterThread: Thread started: Registrando usuários como estudantes 1-42
2025-11-26 13:39:38,480 INFO o.a.j.t.JMeterThread: Thread is done: Registrando usuários como estudantes 1-42
2025-11-26 13:39:38,481 INFO o.a.j.t.JMeterThread: Thread finished: Registrando usuários como estudantes 1-42
2025-11-26 13:39:38,495 INFO o.a.j.t.JMeterThread: Thread started: Registrando usuários como estudantes 1-43
2025-11-26 13:39:38,499 INFO o.a.j.t.JMeterThread: Thread is done: Registrando usuários como estudantes 1-43
2025-11-26 13:39:38,499 INFO o.a.j.t.JMeterThread: Thread finished: Registrando usuários como estudantes 1-43
2025-11-26 13:39:38,512 INFO o.a.j.t.JMeterThread: Thread started: Registrando usuários como estudantes 1-44
2025-11-26 13:39:38,516 INFO o.a.j.t.JMeterThread: Thread is done: Registrando usuários como estudantes 1-44
2025-11-26 13:39:38,516 INFO o.a.j.t.JMeterThread: Thread finished: Registrando usuários como estudantes 1-44
2025-11-26 13:39:38,532 INFO o.a.j.t.JMeterThread: Thread started: Registrando usuários como estudantes 1-45
2025-11-26 13:39:38,536 INFO o.a.j.t.JMeterThread: Thread is done: Registrando usuários como estudantes 1-45
2025-11-26 13:39:38,536 INFO o.a.j.t.JMeterThread: Thread finished: Registrando usuários como estudantes 1-45
2025-11-26 13:39:38,550 INFO o.a.j.t.JMeterThread: Thread started: Registrando usuários como estudantes 1-46
2025-11-26 13:39:38,553 INFO o.a.j.t.JMeterThread: Thread is done: Registrando usuários como estudantes 1-46
2025-11-26 13:39:38,553 INFO o.a.j.t.JMeterThread: Thread finished: Registrando usuários como estudantes 1-46
2025-11-26 13:39:38,568 INFO o.a.j.t.JMeterThread: Thread started: Registrando usuários como estudantes 1-47
2025-11-26 13:39:38,572 INFO o.a.j.t.JMeterThread: Thread is done: Registrando usuários como estudantes 1-47
2025-11-26 13:39:38,573 INFO o.a.j.t.JMeterThread: Thread finished: Registrando usuários como estudantes 1-47
2025-11-26 13:39:38,588 INFO o.a.j.t.JMeterThread: Thread started: Registrando usuários como estudantes 1-48
2025-11-26 13:39:38,592 INFO o.a.j.t.JMeterThread: Thread is done: Registrando usuários como estudantes 1-48
2025-11-26 13:39:38,592 INFO o.a.j.t.JMeterThread: Thread finished: Registrando usuários como estudantes 1-48
2025-11-26 13:39:38,608 INFO o.a.j.t.JMeterThread: Thread started: Registrando usuários como estudantes 1-49
2025-11-26 13:39:38,612 INFO o.a.j.t.JMeterThread: Thread is done: Registrando usuários como estudantes 1-49
2025-11-26 13:39:38,612 INFO o.a.j.t.JMeterThread: Thread finished: Registrando usuários como estudantes 1-49
2025-11-26 13:39:38,625 INFO o.a.j.t.JMeterThread: Thread started: Registrando usuários como estudantes 1-50
2025-11-26 13:39:38,630 INFO o.a.j.t.JMeterThread: Thread is done: Registrando usuários como estudantes 1-50
2025-11-26 13:39:38,630 INFO o.a.j.t.JMeterThread: Thread finished: Registrando usuários como estudantes 1-50
2025-11-26 13:39:38,630 INFO o.a.j.e.StandardJMeterEngine: Notifying test listeners of end of test
2025-11-26 13:39:38,631 INFO o.a.j.s.FileServer: Close: C:/Users/Beatriz S Correa/Downloads/MOCK_DATA.csv
2025-11-26 13:39:38,635 INFO o.a.j.r.Summariser: summary =     50 in 00:00:01 =   46.5/s Avg:    14 Min:     2 Max:    73 Err:     1 (2.00%)
